<?xml version="1.0" encoding="utf-8"?><testsuites name="pytest tests"><testsuite name="pytest" errors="0" failures="0" skipped="0" tests="26" time="6.383" timestamp="2026-07-05T17:20:15.226632+00:00" hostname="agent-env-038ad7fb-d759-4108-aa82-65336cc5b578"><testcase classname="backend.tests.test_meets.TestCreateMeet" name="test_create_parses_pipe" time="0.202" /><testcase classname="backend.tests.test_meets.TestCreateMeet" name="test_create_validation_missing_name" time="0.096" /><testcase classname="backend.tests.test_meets.TestCreateMeet" name="test_create_validation_no_events" time="0.095" /><testcase classname="backend.tests.test_meets.TestCreateMeet" name="test_create_parses_comma" time="0.103" /><testcase classname="backend.tests.test_meets.TestPublicReads" name="test_get_by_code_no_passcode" time="0.104" /><testcase classname="backend.tests.test_meets.TestPublicReads" name="test_get_by_code_lowercase" time="0.107" /><testcase classname="backend.tests.test_meets.TestPublicReads" name="test_get_by_id_no_passcode" time="0.102" /><testcase classname="backend.tests.test_meets.TestPublicReads" name="test_unknown_code_404" time="0.101" /><testcase classname="backend.tests.test_meets.TestPublicReads" name="test_unknown_id_404" time="0.102" /><testcase classname="backend.tests.test_meets.TestAuth" name="test_auth_wrong_passcode_401" time="0.100" /><testcase classname="backend.tests.test_meets.TestAuth" name="test_auth_correct_returns_full" time="0.097" /><testcase classname="backend.tests.test_meets.TestAdvancePrevious" name="test_advance_increments" time="0.104" /><testcase classname="backend.tests.test_meets.TestAdvancePrevious" name="test_previous_decrements" time="0.102" /><testcase classname="backend.tests.test_meets.TestAdvancePrevious" name="test_advance_clamped_at_end" time="0.975" /><testcase classname="backend.tests.test_meets.TestAdvancePrevious" name="test_previous_clamped_at_zero" time="2.250" /><testcase classname="backend.tests.test_meets.TestAdvancePrevious" name="test_advance_wrong_passcode_401" time="0.097" /><testcase classname="backend.tests.test_meets.TestUpdateEvents" name="test_put_events_replaces_and_resets_index" time="0.201" /><testcase classname="backend.tests.test_meets.TestUpdateEvents" name="test_put_events_wrong_passcode_401" time="0.098" /><testcase classname="backend.tests.test_meets.TestMessages" name="test_send_message_returns_newest_first_and_includes_id" time="0.255" /><testcase classname="backend.tests.test_meets.TestMessages" name="test_public_get_exposes_messages_without_passcode" time="0.099" /><testcase classname="backend.tests.test_meets.TestMessages" name="test_send_message_wrong_passcode_401" time="0.101" /><testcase classname="backend.tests.test_meets.TestMessages" name="test_send_empty_message_400" time="0.106" /><testcase classname="backend.tests.test_meets.TestHeartbeat" name="test_heartbeat_unknown_code_404" time="0.099" /><testcase classname="backend.tests.test_meets.TestHeartbeat" name="test_heartbeat_returns_viewers_and_read_reflects" time="0.410" /><testcase classname="backend.tests.test_meets.TestHeartbeat" name="test_heartbeat_lowercase_code" time="0.109" /><testcase classname="backend.tests.test_meets.TestHeartbeat" name="test_read_by_id_includes_live_viewers_key" time="0.096" /></testsuite></testsuites>