<?xml version="1.0" encoding="utf-8"?><testsuites name="pytest tests"><testsuite name="pytest" errors="0" failures="0" skipped="0" tests="18" time="5.356" timestamp="2026-06-25T22:08:55.160690+00:00" hostname="agent-env-038ad7fb-d759-4108-aa82-65336cc5b578"><testcase classname="backend.tests.test_meets.TestCreateMeet" name="test_create_parses_pipe" time="0.209" /><testcase classname="backend.tests.test_meets.TestCreateMeet" name="test_create_validation_missing_name" time="0.097" /><testcase classname="backend.tests.test_meets.TestCreateMeet" name="test_create_validation_no_events" time="0.170" /><testcase classname="backend.tests.test_meets.TestCreateMeet" name="test_create_parses_comma" time="0.149" /><testcase classname="backend.tests.test_meets.TestPublicReads" name="test_get_by_code_no_passcode" time="0.127" /><testcase classname="backend.tests.test_meets.TestPublicReads" name="test_get_by_code_lowercase" time="0.100" /><testcase classname="backend.tests.test_meets.TestPublicReads" name="test_get_by_id_no_passcode" time="0.135" /><testcase classname="backend.tests.test_meets.TestPublicReads" name="test_unknown_code_404" time="0.143" /><testcase classname="backend.tests.test_meets.TestPublicReads" name="test_unknown_id_404" time="0.104" /><testcase classname="backend.tests.test_meets.TestAuth" name="test_auth_wrong_passcode_401" time="0.132" /><testcase classname="backend.tests.test_meets.TestAuth" name="test_auth_correct_returns_full" time="0.118" /><testcase classname="backend.tests.test_meets.TestAdvancePrevious" name="test_advance_increments" time="0.102" /><testcase classname="backend.tests.test_meets.TestAdvancePrevious" name="test_previous_decrements" time="0.103" /><testcase classname="backend.tests.test_meets.TestAdvancePrevious" name="test_advance_clamped_at_end" time="1.014" /><testcase classname="backend.tests.test_meets.TestAdvancePrevious" name="test_previous_clamped_at_zero" time="2.145" /><testcase classname="backend.tests.test_meets.TestAdvancePrevious" name="test_advance_wrong_passcode_401" time="0.095" /><testcase classname="backend.tests.test_meets.TestUpdateEvents" name="test_put_events_replaces_and_resets_index" time="0.235" /><testcase classname="backend.tests.test_meets.TestUpdateEvents" name="test_put_events_wrong_passcode_401" time="0.102" /></testsuite></testsuites>